<?xml version="1.0" encoding="UTF-8"?>
<!-- Generated by org.testng.reporters.JUnitReportReporter -->
<testsuite skipped="0" hostname="DESKTOP-V12SF19" name="com.bhiman.tests.LoginPageScript" tests="1" failures="0" timestamp="26 Feb 2021 04:51:31 GMT" time="14.227" errors="0">
  <testcase name="tc_01" time="14.227" classname="com.bhiman.tests.LoginPageScript"/>
</testsuite> <!-- com.bhiman.tests.LoginPageScript -->
